Flow report for Full_adder
Thu May 27 12:37:39 2021
Quartus II Version 9.0 Build 132 02/25/2009 SJ Full Version


---------------------
; Table of Contents ;
---------------------
  1. Legal Notice
  2. Flow Summary
  3. Flow Settings
  4. Flow Non-Default Global Settings
  5. Flow Elapsed Time
  6. Flow OS Summary
  7. Flow Log



----------------
; Legal Notice ;
----------------
Copyright (C) 1991-2009 Altera Corporation
Your use of Altera Corporation's design tools, logic functions 
and other software and tools, and its AMPP partner logic 
functions, and any output files from any of the foregoing 
(including device programming or simulation files), and any 
associated documentation or information are expressly subject 
to the terms and conditions of the Altera Program License 
Subscription Agreement, Altera MegaCore Function License 
Agreement, or other applicable license agreement, including, 
without limitation, that your use is for the sole purpose of 
programming logic devices manufactured by Altera and sold by 
Altera or its authorized distributors.  Please refer to the 
applicable agreement for further details.



+-------------------------------------------------------------------------------+
; Flow Summary                                                                  ;
+------------------------------------+------------------------------------------+
; Flow Status                        ; Successful - Thu May 27 12:37:39 2021    ;
; Quartus II Version                 ; 9.0 Build 132 02/25/2009 SJ Full Version ;
; Revision Name                      ; Full_adder                               ;
; Top-level Entity Name              ; full_adder                               ;
; Family                             ; Cyclone III                              ;
; Met timing requirements            ; N/A                                      ;
; Total logic elements               ; 2 / 5,136 ( < 1 % )                      ;
;     Total combinational functions  ; 2 / 5,136 ( < 1 % )                      ;
;     Dedicated logic registers      ; 0 / 5,136 ( 0 % )                        ;
; Total registers                    ; 0                                        ;
; Total pins                         ; 5 / 183 ( 3 % )                          ;
; Total virtual pins                 ; 0                                        ;
; Total memory bits                  ; 0 / 423,936 ( 0 % )                      ;
; Embedded Multiplier 9-bit elements ; 0 / 46 ( 0 % )                           ;
; Total PLLs                         ; 0 / 2 ( 0 % )                            ;
; Device                             ; EP3C5F256C6                              ;
; Timing Models                      ; Final                                    ;
+------------------------------------+------------------------------------------+


+-----------------------------------------+
; Flow Settings                           ;
+-------------------+---------------------+
; Option            ; Setting             ;
+-------------------+---------------------+
; Start date & time ; 05/27/2021 12:37:20 ;
; Main task         ; Compilation         ;
; Revision Name     ; Full_adder          ;
+-------------------+---------------------+


+------------------------------------------------------------------------------------------------------------------------------------------------------------+
; Flow Non-Default Global Settings                                                                                                                           ;
+--------------------------------------+----------------------------------------------------------------+---------------+-------------+----------------------+
; Assignment Name                      ; Value                                                          ; Default Value ; Entity Name ; Section Id           ;
+--------------------------------------+----------------------------------------------------------------+---------------+-------------+----------------------+
; COMPILER_SIGNATURE_ID                ; 268749059377003.162211544006660                                ; --            ; --          ; --                   ;
; EDA_DESIGN_ENTRY_SYNTHESIS_TOOL      ; Design Compiler                                                ; <None>        ; --          ; --                   ;
; EDA_DESIGN_INSTANCE_NAME             ; full_adder                                                     ; --            ; --          ; Testbench_full_adder ;
; EDA_INPUT_DATA_FORMAT                ; Vhdl                                                           ; --            ; --          ; eda_design_synthesis ;
; EDA_INPUT_VCC_NAME                   ; Vdd                                                            ; --            ; --          ; eda_design_synthesis ;
; EDA_LMF_FILE                         ; altsyn.lmf                                                     ; --            ; --          ; eda_design_synthesis ;
; EDA_NATIVELINK_SIMULATION_TEST_BENCH ; Testbench_full_adder                                           ; --            ; --          ; eda_simulation       ;
; EDA_NETLIST_WRITER_OUTPUT_DIR        ; timing/custom                                                  ; --            ; --          ; eda_timing_analysis  ;
; EDA_OUTPUT_DATA_FORMAT               ; Vhdl                                                           ; --            ; --          ; eda_simulation       ;
; EDA_OUTPUT_DATA_FORMAT               ; Vhdl                                                           ; --            ; --          ; eda_timing_analysis  ;
; EDA_SIMULATION_TOOL                  ; ModelSim-Altera (VHDL)                                         ; <None>        ; --          ; --                   ;
; EDA_TEST_BENCH_ENABLE_STATUS         ; TEST_BENCH_MODE                                                ; --            ; --          ; eda_simulation       ;
; EDA_TEST_BENCH_FILE                  ; Testbench_full_adder.vhd                                       ; --            ; --          ; Testbench_full_adder ;
; EDA_TEST_BENCH_MODULE_NAME           ; full_adder                                                     ; --            ; --          ; Testbench_full_adder ;
; EDA_TEST_BENCH_NAME                  ; Testbench_full_adder                                           ; --            ; --          ; eda_simulation       ;
; EDA_TIMING_ANALYSIS_TOOL             ; Custom VHDL                                                    ; <None>        ; --          ; --                   ;
; MISC_FILE                            ; C:/Users/asus/Desktop/Cours-Tp/TP_VHDL/project3/Full_adder.dpf ; --            ; --          ; --                   ;
; PARTITION_COLOR                      ; 16764057                                                       ; --            ; --          ; Top                  ;
; PARTITION_NETLIST_TYPE               ; SOURCE                                                         ; --            ; --          ; Top                  ;
; USE_GENERATED_PHYSICAL_CONSTRAINTS   ; Off                                                            ; --            ; --          ; eda_blast_fpga       ;
+--------------------------------------+----------------------------------------------------------------+---------------+-------------+----------------------+


+-------------------------------------------------------------------------------------------------------------------------------+
; Flow Elapsed Time                                                                                                             ;
+---------------------------+--------------+-------------------------+---------------------+------------------------------------+
; Module Name               ; Elapsed Time ; Average Processors Used ; Peak Virtual Memory ; Total CPU Time (on all processors) ;
+---------------------------+--------------+-------------------------+---------------------+------------------------------------+
; Analysis & Synthesis      ; 00:00:03     ; 1.0                     ; 252 MB              ; 00:00:01                           ;
; Fitter                    ; 00:00:05     ; 1.0                     ; 362 MB              ; 00:00:05                           ;
; Assembler                 ; 00:00:03     ; 1.0                     ; 238 MB              ; 00:00:03                           ;
; TimeQuest Timing Analyzer ; 00:00:03     ; 1.0                     ; 275 MB              ; 00:00:02                           ;
; EDA Netlist Writer        ; 00:00:00     ; 1.0                     ; 180 MB              ; 00:00:01                           ;
; Total                     ; 00:00:14     ; --                      ; --                  ; 00:00:12                           ;
+---------------------------+--------------+-------------------------+---------------------+------------------------------------+


+--------------------------------------------------------------------------------------------+
; Flow OS Summary                                                                            ;
+---------------------------+------------------+---------------+------------+----------------+
; Module Name               ; Machine Hostname ; OS Name       ; OS Version ; Processor type ;
+---------------------------+------------------+---------------+------------+----------------+
; Analysis & Synthesis      ; DESKTOP-URS3PK4  ; Windows Vista ; 6.2        ; x86_64         ;
; Fitter                    ; DESKTOP-URS3PK4  ; Windows Vista ; 6.2        ; x86_64         ;
; Assembler                 ; DESKTOP-URS3PK4  ; Windows Vista ; 6.2        ; x86_64         ;
; TimeQuest Timing Analyzer ; DESKTOP-URS3PK4  ; Windows Vista ; 6.2        ; x86_64         ;
; EDA Netlist Writer        ; DESKTOP-URS3PK4  ; Windows Vista ; 6.2        ; x86_64         ;
+---------------------------+------------------+---------------+------------+----------------+


------------
; Flow Log ;
------------
quartus_map --read_settings_files=on --write_settings_files=off Full_adder -c Full_adder
quartus_fit --read_settings_files=off --write_settings_files=off Full_adder -c Full_adder
quartus_asm --read_settings_files=off --write_settings_files=off Full_adder -c Full_adder
quartus_sta Full_adder -c Full_adder
quartus_eda --read_settings_files=off --write_settings_files=off Full_adder -c Full_adder



