EDA Netlist Writer report for Full_adder
Thu May 27 12:37:39 2021
Quartus II Version 9.0 Build 132 02/25/2009 SJ Full Version


---------------------
; Table of Contents ;
---------------------
  1. Legal Notice
  2. EDA Netlist Writer Summary
  3. Simulation Settings
  4. Simulation Generated Files
  5. Timing Analysis Settings
  6. Timing Analysis Generated Files
  7. EDA Netlist Writer Messages



----------------
; Legal Notice ;
----------------
Copyright (C) 1991-2009 Altera Corporation
Your use of Altera Corporation's design tools, logic functions 
and other software and tools, and its AMPP partner logic 
functions, and any output files from any of the foregoing 
(including device programming or simulation files), and any 
associated documentation or information are expressly subject 
to the terms and conditions of the Altera Program License 
Subscription Agreement, Altera MegaCore Function License 
Agreement, or other applicable license agreement, including, 
without limitation, that your use is for the sole purpose of 
programming logic devices manufactured by Altera and sold by 
Altera or its authorized distributors.  Please refer to the 
applicable agreement for further details.



+------------------------------------------------------------------------+
; EDA Netlist Writer Summary                                             ;
+--------------------------------+---------------------------------------+
; EDA Netlist Writer Status      ; Successful - Thu May 27 12:37:39 2021 ;
; Revision Name                  ; Full_adder                            ;
; Top-level Entity Name          ; full_adder                            ;
; Family                         ; Cyclone III                           ;
; Simulation Files Creation      ; Successful                            ;
; Timing Analysis Files Creation ; Successful                            ;
+--------------------------------+---------------------------------------+


+----------------------------------------------------------------------------------------------------------------------------+
; Simulation Settings                                                                                                        ;
+---------------------------------------------------------------------------------------------------+------------------------+
; Option                                                                                            ; Setting                ;
+---------------------------------------------------------------------------------------------------+------------------------+
; Tool Name                                                                                         ; ModelSim-Altera (VHDL) ;
; Generate netlist for functional simulation only                                                   ; Off                    ;
; Time scale                                                                                        ; 1 ps                   ;
; Truncate long hierarchy paths                                                                     ; Off                    ;
; Map illegal HDL characters                                                                        ; Off                    ;
; Flatten buses into individual nodes                                                               ; Off                    ;
; Maintain hierarchy                                                                                ; Off                    ;
; Bring out device-wide set/reset signals as ports                                                  ; Off                    ;
; Enable glitch filtering                                                                           ; Off                    ;
; Do not write top level VHDL entity                                                                ; Off                    ;
; Disable detection of setup and hold time violations in the input registers of bi-directional pins ; Off                    ;
; Architecture name in VHDL output netlist                                                          ; structure              ;
; Generate third-party EDA tool command script for RTL functional simulation                        ; Off                    ;
; Generate third-party EDA tool command script for gate-level simulation                            ; Off                    ;
+---------------------------------------------------------------------------------------------------+------------------------+


+-----------------------------------------------------------------------------------------------------------+
; Simulation Generated Files                                                                                ;
+-----------------------------------------------------------------------------------------------------------+
; Generated Files                                                                                           ;
+-----------------------------------------------------------------------------------------------------------+
; C:/Users/asus/Desktop/Cours-Tp/TP_VHDL/project3/simulation/modelsim/Full_adder_6_1200mv_85c_slow.vho      ;
; C:/Users/asus/Desktop/Cours-Tp/TP_VHDL/project3/simulation/modelsim/Full_adder_6_1200mv_0c_slow.vho       ;
; C:/Users/asus/Desktop/Cours-Tp/TP_VHDL/project3/simulation/modelsim/Full_adder_min_1200mv_0c_fast.vho     ;
; C:/Users/asus/Desktop/Cours-Tp/TP_VHDL/project3/simulation/modelsim/Full_adder.vho                        ;
; C:/Users/asus/Desktop/Cours-Tp/TP_VHDL/project3/simulation/modelsim/Full_adder_6_1200mv_85c_vhd_slow.sdo  ;
; C:/Users/asus/Desktop/Cours-Tp/TP_VHDL/project3/simulation/modelsim/Full_adder_6_1200mv_0c_vhd_slow.sdo   ;
; C:/Users/asus/Desktop/Cours-Tp/TP_VHDL/project3/simulation/modelsim/Full_adder_min_1200mv_0c_vhd_fast.sdo ;
; C:/Users/asus/Desktop/Cours-Tp/TP_VHDL/project3/simulation/modelsim/Full_adder_vhd.sdo                    ;
+-----------------------------------------------------------------------------------------------------------+


+---------------------------------------------------+
; Timing Analysis Settings                          ;
+-------------------------------------+-------------+
; Option                              ; Setting     ;
+-------------------------------------+-------------+
; Tool Name                           ; Custom VHDL ;
; Time scale                          ; 1 ps        ;
; Truncate long hierarchy paths       ; Off         ;
; Map illegal HDL characters          ; Off         ;
; Flatten buses into individual nodes ; Off         ;
+-------------------------------------+-------------+


+----------------------------------------------------------------------------------+
; Timing Analysis Generated Files                                                  ;
+----------------------------------------------------------------------------------+
; Generated Files                                                                  ;
+----------------------------------------------------------------------------------+
; C:/Users/asus/Desktop/Cours-Tp/TP_VHDL/project3/timing/custom/Full_adder.vho     ;
; C:/Users/asus/Desktop/Cours-Tp/TP_VHDL/project3/timing/custom/Full_adder_vhd.sdo ;
+----------------------------------------------------------------------------------+


+-----------------------------+
; EDA Netlist Writer Messages ;
+-----------------------------+
Info: *******************************************************************
Info: Running Quartus II EDA Netlist Writer
    Info: Version 9.0 Build 132 02/25/2009 SJ Full Version
    Info: Processing started: Thu May 27 12:37:39 2021
Info: Command: quartus_eda --read_settings_files=off --write_settings_files=off Full_adder -c Full_adder
Info: Generated file Full_adder_6_1200mv_85c_slow.vho in folder "C:/Users/asus/Desktop/Cours-Tp/TP_VHDL/project3/simulation/modelsim/" for EDA simulation tool
Info: Generated file Full_adder_6_1200mv_0c_slow.vho in folder "C:/Users/asus/Desktop/Cours-Tp/TP_VHDL/project3/simulation/modelsim/" for EDA simulation tool
Info: Generated file Full_adder_min_1200mv_0c_fast.vho in folder "C:/Users/asus/Desktop/Cours-Tp/TP_VHDL/project3/simulation/modelsim/" for EDA simulation tool
Info: Generated file Full_adder.vho in folder "C:/Users/asus/Desktop/Cours-Tp/TP_VHDL/project3/simulation/modelsim/" for EDA simulation tool
Info: Generated file Full_adder_6_1200mv_85c_vhd_slow.sdo in folder "C:/Users/asus/Desktop/Cours-Tp/TP_VHDL/project3/simulation/modelsim/" for EDA simulation tool
Info: Generated file Full_adder_6_1200mv_0c_vhd_slow.sdo in folder "C:/Users/asus/Desktop/Cours-Tp/TP_VHDL/project3/simulation/modelsim/" for EDA simulation tool
Info: Generated file Full_adder_min_1200mv_0c_vhd_fast.sdo in folder "C:/Users/asus/Desktop/Cours-Tp/TP_VHDL/project3/simulation/modelsim/" for EDA simulation tool
Info: Generated file Full_adder_vhd.sdo in folder "C:/Users/asus/Desktop/Cours-Tp/TP_VHDL/project3/simulation/modelsim/" for EDA simulation tool
Info: Generated files "Full_adder.vho" and "Full_adder_vhd.sdo" in directory "C:/Users/asus/Desktop/Cours-Tp/TP_VHDL/project3/timing/custom/" for EDA timing analysis tool
Info: Quartus II EDA Netlist Writer was successful. 0 errors, 0 warnings
    Info: Peak virtual memory: 185 megabytes
    Info: Processing ended: Thu May 27 12:37:40 2021
    Info: Elapsed time: 00:00:01
    Info: Total CPU time (on all processors): 00:00:01


